<?xml version="1.0" encoding="UTF-8"?>
<!-- Generated by org.testng.reporters.JUnitReportReporter -->
<testsuite hostname="DESKTOP-9MH46U9" failures="0" tests="1" name="testcase.SampleTest" time="0.002" errors="0" timestamp="2024-10-18T23:08:59 IST" skipped="0">
  <testcase classname="testcase.SampleTest" name="TestFirst" time="0.002"/>
  <system-out/>
</testsuite> <!-- testcase.SampleTest -->
